\BOOKMARK [1][-]{section.1}{\376\377\000I\000n\000t\000r\000o\000d\000u\000c\000t\000i\000o\000n}{}% 1
\BOOKMARK [2][-]{subsection.1.1}{\376\377\000W\000h\000a\000t\000\040\000i\000s\000\040\000a\000\040\000n\000e\000u\000r\000a\000l\000\040\000n\000e\000t\000w\000o\000r\000k\000?}{section.1}% 2
\BOOKMARK [2][-]{subsection.1.2}{\376\377\000P\000r\000o\000j\000e\000c\000t\000\040\000G\000o\000a\000l}{section.1}% 3
\BOOKMARK [2][-]{subsection.1.3}{\376\377\000U\000s\000e\000s\000\040\000o\000f\000\040\000n\000e\000u\000r\000a\000l\000\040\000n\000e\000t\000w\000o\000r\000k\000s}{section.1}% 4
\BOOKMARK [2][-]{subsection.1.4}{\376\377\000D\000i\000f\000f\000e\000r\000e\000n\000t\000\040\000t\000y\000p\000e\000s\000\040\000o\000f\000\040\000n\000e\000u\000r\000a\000l\000\040\000n\000e\000t\000w\000o\000r\000k\000s}{section.1}% 5
\BOOKMARK [3][-]{subsubsection.1.4.1}{\376\377\000P\000e\000r\000c\000e\000p\000t\000r\000o\000n}{subsection.1.4}% 6
\BOOKMARK [3][-]{subsubsection.1.4.2}{\376\377\000F\000e\000e\000d\000\040\000F\000o\000r\000w\000a\000r\000d\000\040\000N\000e\000u\000r\000a\000l\000\040\000N\000e\000t\000w\000o\000r\000k}{subsection.1.4}% 7
\BOOKMARK [3][-]{subsubsection.1.4.3}{\376\377\000M\000u\000l\000t\000i\000-\000L\000a\000y\000e\000r\000\040\000P\000e\000r\000c\000e\000p\000t\000r\000o\000n}{subsection.1.4}% 8
\BOOKMARK [3][-]{subsubsection.1.4.4}{\376\377\000C\000o\000n\000v\000o\000l\000u\000t\000i\000o\000n\000a\000l\000\040\000N\000e\000u\000r\000a\000l\000\040\000N\000e\000t\000w\000o\000r\000k}{subsection.1.4}% 9
\BOOKMARK [3][-]{subsubsection.1.4.5}{\376\377\000R\000e\000c\000u\000r\000r\000e\000n\000t\000\040\000N\000e\000u\000r\000a\000l\000\040\000N\000e\000t\000w\000o\000r\000k}{subsection.1.4}% 10
\BOOKMARK [3][-]{subsubsection.1.4.6}{\376\377\000L\000o\000n\000g\000\040\000S\000h\000o\000r\000t\000-\000T\000e\000r\000m\000\040\000M\000e\000m\000o\000r\000y}{subsection.1.4}% 11
\BOOKMARK [2][-]{subsection.1.5}{\376\377\000M\000o\000t\000i\000v\000a\000t\000i\000o\000n}{section.1}% 12
\BOOKMARK [1][-]{section.2}{\376\377\000T\000h\000e\000\040\000H\000i\000s\000t\000o\000r\000y\000\040\000o\000f\000\040\000N\000e\000u\000r\000a\000l\000\040\000N\000e\000t\000w\000o\000r\000k\000s}{}% 13
\BOOKMARK [1][-]{section.3}{\376\377\000B\000i\000a\000s\000\040\000i\000n\000\040\000A\000r\000t\000i\000f\000i\000c\000i\000a\000l\000\040\000I\000n\000t\000e\000l\000l\000i\000g\000e\000n\000c\000e}{}% 14
\BOOKMARK [2][-]{subsection.3.1}{\376\377\000W\000h\000a\000t\000\040\000c\000a\000u\000s\000e\000s\000\040\000b\000i\000a\000s\000\040\000i\000n\000\040\000A\000I\000?}{section.3}% 15
\BOOKMARK [3][-]{subsubsection.3.1.1}{\376\377\000D\000a\000t\000a\000\040\000B\000i\000a\000s}{subsection.3.1}% 16
\BOOKMARK [3][-]{subsubsection.3.1.2}{\376\377\000S\000o\000c\000i\000e\000t\000a\000l\000\040\000B\000i\000a\000s}{subsection.3.1}% 17
\BOOKMARK [2][-]{subsection.3.2}{\376\377\000E\000x\000a\000m\000p\000l\000e\000s\000\040\000o\000f\000\040\000B\000i\000a\000s\000\040\000i\000n\000\040\000A\000I}{section.3}% 18
\BOOKMARK [3][-]{subsubsection.3.2.1}{\376\377\000P\000o\000r\000t\000r\000a\000i\000t\000A\000I\000\040\000A\000r\000t\000\040\000G\000e\000n\000e\000r\000a\000t\000o\000r}{subsection.3.2}% 19
\BOOKMARK [3][-]{subsubsection.3.2.2}{\376\377\000T\000w\000i\000t\000t\000e\000r\000\040\000P\000h\000o\000t\000o\000\040\000C\000r\000o\000p\000p\000i\000n\000g}{subsection.3.2}% 20
\BOOKMARK [1][-]{section.4}{\376\377\000H\000o\000w\000\040\000N\000e\000u\000r\000a\000l\000\040\000N\000e\000t\000w\000o\000r\000k\000s\000\040\000W\000o\000r\000k}{}% 21
\BOOKMARK [2][-]{subsection.4.1}{\376\377\000S\000t\000r\000u\000c\000t\000u\000r\000e}{section.4}% 22
\BOOKMARK [2][-]{subsection.4.2}{\376\377\000F\000o\000r\000w\000a\000r\000d\000\040\000P\000r\000o\000p\000a\000g\000a\000t\000i\000o\000n}{section.4}% 23
\BOOKMARK [2][-]{subsection.4.3}{\376\377\000A\000c\000t\000i\000v\000a\000t\000i\000o\000n\000\040\000F\000u\000n\000c\000t\000i\000o\000n\000s}{section.4}% 24
\BOOKMARK [3][-]{subsubsection.4.3.1}{\376\377\000S\000i\000g\000m\000o\000i\000d}{subsection.4.3}% 25
\BOOKMARK [3][-]{subsubsection.4.3.2}{\376\377\000T\000a\000n\000h}{subsection.4.3}% 26
\BOOKMARK [3][-]{subsubsection.4.3.3}{\376\377\000R\000e\000L\000U}{subsection.4.3}% 27
\BOOKMARK [3][-]{subsubsection.4.3.4}{\376\377\000L\000e\000a\000k\000y\000\040\000R\000e\000L\000U}{subsection.4.3}% 28
\BOOKMARK [2][-]{subsection.4.4}{\376\377\000L\000o\000s\000s\000\040\000F\000u\000n\000c\000t\000i\000o\000n}{section.4}% 29
\BOOKMARK [3][-]{subsubsection.4.4.1}{\376\377\000M\000e\000a\000n\000\040\000S\000q\000u\000a\000r\000e\000d\000\040\000E\000r\000r\000o\000r}{subsection.4.4}% 30
\BOOKMARK [3][-]{subsubsection.4.4.2}{\376\377\000C\000r\000o\000s\000s\000\040\000E\000n\000t\000r\000o\000p\000y\000\040\000L\000o\000s\000s}{subsection.4.4}% 31
\BOOKMARK [2][-]{subsection.4.5}{\376\377\000B\000a\000c\000k\000p\000r\000o\000p\000a\000g\000a\000t\000i\000o\000n}{section.4}% 32
\BOOKMARK [2][-]{subsection.4.6}{\376\377\000T\000r\000a\000i\000n\000i\000n\000g}{section.4}% 33
\BOOKMARK [1][-]{section.5}{\376\377\000C\000o\000d\000i\000n\000g\000\040\000a\000\040\000N\000e\000u\000r\000a\000l\000\040\000N\000e\000t\000w\000o\000r\000k}{}% 34
\BOOKMARK [2][-]{subsection.5.1}{\376\377\000D\000a\000t\000a}{section.5}% 35
\BOOKMARK [2][-]{subsection.5.2}{\376\377\000S\000p\000l\000i\000t\000t\000i\000n\000g\000\040\000t\000h\000e\000\040\000D\000a\000t\000a}{section.5}% 36
\BOOKMARK [2][-]{subsection.5.3}{\376\377\000D\000e\000f\000i\000n\000i\000n\000g\000\040\000t\000h\000e\000\040\000M\000o\000d\000e\000l}{section.5}% 37
\BOOKMARK [3][-]{subsubsection.5.3.1}{\376\377\000L\000a\000y\000e\000r\000s}{subsection.5.3}% 38
\BOOKMARK [3][-]{subsubsection.5.3.2}{\376\377\000L\000o\000s\000s\000\040\000F\000u\000n\000c\000t\000i\000o\000n}{subsection.5.3}% 39
\BOOKMARK [3][-]{subsubsection.5.3.3}{\376\377\000A\000c\000t\000i\000v\000a\000t\000i\000o\000n\000\040\000F\000u\000n\000c\000t\000i\000o\000n}{subsection.5.3}% 40
\BOOKMARK [2][-]{subsection.5.4}{\376\377\000T\000r\000a\000i\000n\000i\000n\000g\000\040\000t\000h\000e\000\040\000M\000o\000d\000e\000l}{section.5}% 41
\BOOKMARK [3][-]{subsubsection.5.4.1}{\376\377\000O\000v\000e\000r\000\040\000F\000i\000t\000t\000i\000n\000g}{subsection.5.4}% 42
\BOOKMARK [3][-]{subsubsection.5.4.2}{\376\377\000T\000h\000e\000\040\000C\000u\000r\000s\000e\000\040\000o\000f\000\040\000D\000i\000m\000e\000n\000s\000i\000o\000n\000a\000l\000i\000t\000y}{subsection.5.4}% 43
\BOOKMARK [3][-]{subsubsection.5.4.3}{\376\377\000L\000o\000c\000a\000l\000\040\000M\000i\000n\000i\000m\000a}{subsection.5.4}% 44
\BOOKMARK [2][-]{subsection.5.5}{\376\377\000T\000e\000s\000t\000i\000n\000g\000\040\000t\000h\000e\000\040\000M\000o\000d\000e\000l}{section.5}% 45
\BOOKMARK [2][-]{subsection.5.6}{\376\377\000D\000i\000s\000c\000u\000s\000s\000i\000o\000n\000\040\000o\000f\000\040\000R\000e\000s\000u\000l\000t\000s}{section.5}% 46
\BOOKMARK [1][-]{section.6}{\376\377\000C\000o\000n\000c\000l\000u\000s\000i\000o\000n}{}% 47
\BOOKMARK [1][-]{section.7}{\376\377\000A\000p\000p\000e\000n\000d\000i\000x}{}% 48
\BOOKMARK [2][-]{subsection.7.1}{\376\377\000V\000e\000c\000t\000o\000r\000\040\000D\000o\000t\000\040\000P\000r\000o\000d\000u\000c\000t}{section.7}% 49
\BOOKMARK [2][-]{subsection.7.2}{\376\377\000M\000N\000I\000S\000T\000\040\000D\000a\000t\000a\000s\000e\000t}{section.7}% 50
\BOOKMARK [2][-]{subsection.7.3}{\376\377\000P\000y\000t\000h\000o\000n\000\040\0003\000.\0009\000.\0001\0000\000\040\000C\000o\000d\000e}{section.7}% 51
